2015-11-10 15:26:56 10fc InnoDB: Warning: Using innodb_additional_mem_pool_size is DEPRECATED. This option may be removed in future releases, together with the option innodb_use_sys_malloc and with the InnoDB's internal memory allocator.
2015-11-10 15:26:56 4348 [Note] InnoDB: Using mutexes to ref count buffer pool pages
2015-11-10 15:26:56 4348 [Note] InnoDB: The InnoDB memory heap is disabled
2015-11-10 15:26:56 4348 [Note] InnoDB: Mutexes and rw_locks use Windows interlocked functions
2015-11-10 15:26:56 4348 [Note] InnoDB: Memory barrier is not used
2015-11-10 15:26:56 4348 [Note] InnoDB: Compressed tables use zlib 1.2.3
2015-11-10 15:26:56 4348 [Note] InnoDB: Not using CPU crc32 instructions
2015-11-10 15:26:56 4348 [Note] InnoDB: Initializing buffer pool, size = 16.0M
2015-11-10 15:26:56 4348 [Note] InnoDB: Completed initialization of buffer pool
2015-11-10 15:26:56 4348 [Note] InnoDB: Highest supported file format is Barracuda.
2015-11-10 15:26:57 4348 [Note] InnoDB: 128 rollback segment(s) are active.
2015-11-10 15:26:57 4348 [Note] InnoDB: Waiting for purge to start
2015-11-10 15:26:57 4348 [Note] InnoDB:  Percona XtraDB (http://www.percona.com) 5.6.26-74.0 started; log sequence number 1835027
2015-11-10 15:26:57 6140 [Note] InnoDB: Dumping buffer pool(s) not yet started
2015-11-10 15:26:57 4348 [Note] Plugin 'FEEDBACK' is disabled.
2015-11-10 15:26:57 4348 [Note] Server socket created on IP: '::'.
2015-11-10 15:26:57 4348 [Note] Event Scheduler: Loaded 0 events
2015-11-10 15:26:57 4348 [Note] C:\xampp\mysql\bin\mysqld.exe: ready for connections.
Version: '10.1.8-MariaDB'  socket: ''  port: 3306  mariadb.org binary distribution
2015-11-10 15:27:11 5152 [Note] C:\xampp\mysql\bin\mysqld.exe: Normal shutdown

2015-11-10 15:27:11 5152 [Note] Event Scheduler: Purging the queue. 0 events
2015-11-10 15:27:11 5732 [Note] InnoDB: FTS optimize thread exiting.
2015-11-10 15:27:11 5152 [Note] InnoDB: Starting shutdown...
2015-11-10 15:27:13 5152 [Note] InnoDB: Shutdown completed; log sequence number 1835037
2015-11-10 15:27:13 5152 [Note] C:\xampp\mysql\bin\mysqld.exe: Shutdown complete

2023-04-03 12:03:46 52dc InnoDB: Warning: Using innodb_additional_mem_pool_size is DEPRECATED. This option may be removed in future releases, together with the option innodb_use_sys_malloc and with the InnoDB's internal memory allocator.
2023-04-03 12:03:46 21212 [Note] InnoDB: innodb_empty_free_list_algorithm has been changed to legacy because of small buffer pool size. In order to use backoff, increase buffer pool at least up to 20MB.

2023-04-03 12:03:46 21212 [Note] InnoDB: Using mutexes to ref count buffer pool pages
2023-04-03 12:03:46 21212 [Note] InnoDB: The InnoDB memory heap is disabled
2023-04-03 12:03:46 21212 [Note] InnoDB: Mutexes and rw_locks use Windows interlocked functions
2023-04-03 12:03:46 21212 [Note] InnoDB: _mm_lfence() and _mm_sfence() are used for memory barrier
2023-04-03 12:03:46 21212 [Note] InnoDB: Compressed tables use zlib 1.2.11
2023-04-03 12:03:46 21212 [Note] InnoDB: Using generic crc32 instructions
2023-04-03 12:03:46 21212 [Note] InnoDB: Initializing buffer pool, size = 16.0M
2023-04-03 12:03:46 21212 [Note] InnoDB: Completed initialization of buffer pool
2023-04-03 12:03:46 21212 [Note] InnoDB: Highest supported file format is Barracuda.
2023-04-03 12:03:46 21212 [Note] InnoDB: 128 rollback segment(s) are active.
2023-04-03 12:03:46 21212 [Note] InnoDB: Waiting for purge to start
2023-04-03 12:03:46 21212 [Note] InnoDB:  Percona XtraDB (http://www.percona.com) 5.6.41-84.1 started; log sequence number 1835037
2023-04-03 12:03:46 5816 [Note] InnoDB: Dumping buffer pool(s) not yet started
2023-04-03 12:03:46 21212 [Note] Plugin 'FEEDBACK' is disabled.
2023-04-03 12:03:46 21212 [Note] Server socket created on IP: '::'.
2023-04-03 12:03:46 21212 [Note] c:\xampp\mysql\bin\mysqld.exe: ready for connections.
Version: '10.1.37-MariaDB'  socket: ''  port: 3306  mariadb.org binary distribution
2023-04-03 12:25:52 4188 InnoDB: Warning: Using innodb_additional_mem_pool_size is DEPRECATED. This option may be removed in future releases, together with the option innodb_use_sys_malloc and with the InnoDB's internal memory allocator.
2023-04-03 12:25:52 16776 [Note] InnoDB: innodb_empty_free_list_algorithm has been changed to legacy because of small buffer pool size. In order to use backoff, increase buffer pool at least up to 20MB.

2023-04-03 12:25:52 16776 [Note] InnoDB: Using mutexes to ref count buffer pool pages
2023-04-03 12:25:52 16776 [Note] InnoDB: The InnoDB memory heap is disabled
2023-04-03 12:25:52 16776 [Note] InnoDB: Mutexes and rw_locks use Windows interlocked functions
2023-04-03 12:25:52 16776 [Note] InnoDB: _mm_lfence() and _mm_sfence() are used for memory barrier
2023-04-03 12:25:52 16776 [Note] InnoDB: Compressed tables use zlib 1.2.11
2023-04-03 12:25:52 16776 [Note] InnoDB: Using generic crc32 instructions
2023-04-03 12:25:52 16776 [Note] InnoDB: Initializing buffer pool, size = 16.0M
2023-04-03 12:25:52 16776 [Note] InnoDB: Completed initialization of buffer pool
2023-04-03 12:25:52 16776 [Note] InnoDB: Highest supported file format is Barracuda.
2023-04-03 12:25:52 16776 [Note] InnoDB: The log sequence number 1835037 in ibdata file do not match the log sequence number 2448101 in the ib_logfiles!
2023-04-03 12:25:52 16776 [Note] InnoDB: Restoring possible half-written data pages from the doublewrite buffer...
2023-04-03 12:25:52 16776 [Note] InnoDB: 128 rollback segment(s) are active.
2023-04-03 12:25:52 16776 [Note] InnoDB: Waiting for purge to start
2023-04-03 12:25:52 16776 [Note] InnoDB:  Percona XtraDB (http://www.percona.com) 5.6.41-84.1 started; log sequence number 2448101
2023-04-03 12:25:52 16924 [Note] InnoDB: Dumping buffer pool(s) not yet started
2023-04-03 12:25:52 16776 [Note] Plugin 'FEEDBACK' is disabled.
2023-04-03 12:25:52 16776 [Note] Server socket created on IP: '::'.
2023-04-03 12:25:52 16776 [Note] c:\xampp\mysql\bin\mysqld.exe: ready for connections.
Version: '10.1.37-MariaDB'  socket: ''  port: 3306  mariadb.org binary distribution
2023-04-05 12:23:00 42d8 InnoDB: Warning: Using innodb_additional_mem_pool_size is DEPRECATED. This option may be removed in future releases, together with the option innodb_use_sys_malloc and with the InnoDB's internal memory allocator.
2023-04-05 12:23:00 17112 [Note] InnoDB: innodb_empty_free_list_algorithm has been changed to legacy because of small buffer pool size. In order to use backoff, increase buffer pool at least up to 20MB.

2023-04-05 12:23:00 17112 [Note] InnoDB: Using mutexes to ref count buffer pool pages
2023-04-05 12:23:00 17112 [Note] InnoDB: The InnoDB memory heap is disabled
2023-04-05 12:23:00 17112 [Note] InnoDB: Mutexes and rw_locks use Windows interlocked functions
2023-04-05 12:23:00 17112 [Note] InnoDB: _mm_lfence() and _mm_sfence() are used for memory barrier
2023-04-05 12:23:00 17112 [Note] InnoDB: Compressed tables use zlib 1.2.11
2023-04-05 12:23:00 17112 [Note] InnoDB: Using generic crc32 instructions
2023-04-05 12:23:00 17112 [Note] InnoDB: Initializing buffer pool, size = 16.0M
2023-04-05 12:23:00 17112 [Note] InnoDB: Completed initialization of buffer pool
2023-04-05 12:23:00 17112 [Note] InnoDB: Highest supported file format is Barracuda.
2023-04-05 12:23:00 17112 [Note] InnoDB: The log sequence number 1835037 in ibdata file do not match the log sequence number 2450336 in the ib_logfiles!
2023-04-05 12:23:00 17112 [Note] InnoDB: Restoring possible half-written data pages from the doublewrite buffer...
2023-04-05 12:23:00 17112 [Note] InnoDB: 128 rollback segment(s) are active.
2023-04-05 12:23:00 17112 [Note] InnoDB: Waiting for purge to start
2023-04-05 12:23:01 17112 [Note] InnoDB:  Percona XtraDB (http://www.percona.com) 5.6.41-84.1 started; log sequence number 2450336
2023-04-05 12:23:01 15184 [Note] InnoDB: Dumping buffer pool(s) not yet started
2023-04-05 12:23:01 17112 [Note] Plugin 'FEEDBACK' is disabled.
2023-04-05 12:23:01 17112 [Note] Server socket created on IP: '::'.
2023-04-05 12:23:01 17112 [Note] c:\xampp\mysql\bin\mysqld.exe: ready for connections.
Version: '10.1.37-MariaDB'  socket: ''  port: 3306  mariadb.org binary distribution
2023-04-13 13:52:07 5848 InnoDB: Warning: Using innodb_additional_mem_pool_size is DEPRECATED. This option may be removed in future releases, together with the option innodb_use_sys_malloc and with the InnoDB's internal memory allocator.
2023-04-13 13:52:07 22600 [Note] InnoDB: innodb_empty_free_list_algorithm has been changed to legacy because of small buffer pool size. In order to use backoff, increase buffer pool at least up to 20MB.

2023-04-13 13:52:07 22600 [Note] InnoDB: Using mutexes to ref count buffer pool pages
2023-04-13 13:52:07 22600 [Note] InnoDB: The InnoDB memory heap is disabled
2023-04-13 13:52:07 22600 [Note] InnoDB: Mutexes and rw_locks use Windows interlocked functions
2023-04-13 13:52:07 22600 [Note] InnoDB: _mm_lfence() and _mm_sfence() are used for memory barrier
2023-04-13 13:52:07 22600 [Note] InnoDB: Compressed tables use zlib 1.2.11
2023-04-13 13:52:07 22600 [Note] InnoDB: Using generic crc32 instructions
2023-04-13 13:52:07 22600 [Note] InnoDB: Initializing buffer pool, size = 16.0M
2023-04-13 13:52:07 22600 [Note] InnoDB: Completed initialization of buffer pool
2023-04-13 13:52:07 22600 [Note] InnoDB: Highest supported file format is Barracuda.
2023-04-13 13:52:07 22600 [Note] InnoDB: The log sequence number 1835037 in ibdata file do not match the log sequence number 2459379 in the ib_logfiles!
2023-04-13 13:52:07 22600 [Note] InnoDB: Restoring possible half-written data pages from the doublewrite buffer...
2023-04-13 13:52:07 22600 [Note] InnoDB: 128 rollback segment(s) are active.
2023-04-13 13:52:07 22600 [Note] InnoDB: Waiting for purge to start
2023-04-13 13:52:07 22600 [Note] InnoDB:  Percona XtraDB (http://www.percona.com) 5.6.41-84.1 started; log sequence number 2459379
2023-04-13 13:52:07 21252 [Note] InnoDB: Dumping buffer pool(s) not yet started
2023-04-13 13:52:07 22600 [Note] Plugin 'FEEDBACK' is disabled.
2023-04-13 13:52:07 22600 [Note] Server socket created on IP: '::'.
2023-04-13 13:52:07 22600 [Note] c:\xampp\mysql\bin\mysqld.exe: ready for connections.
Version: '10.1.37-MariaDB'  socket: ''  port: 3306  mariadb.org binary distribution
2023-04-19 09:14:52 49b0 InnoDB: Warning: Using innodb_additional_mem_pool_size is DEPRECATED. This option may be removed in future releases, together with the option innodb_use_sys_malloc and with the InnoDB's internal memory allocator.
2023-04-19  9:14:52 18864 [Note] InnoDB: innodb_empty_free_list_algorithm has been changed to legacy because of small buffer pool size. In order to use backoff, increase buffer pool at least up to 20MB.

2023-04-19  9:14:52 18864 [Note] InnoDB: Using mutexes to ref count buffer pool pages
2023-04-19  9:14:52 18864 [Note] InnoDB: The InnoDB memory heap is disabled
2023-04-19  9:14:52 18864 [Note] InnoDB: Mutexes and rw_locks use Windows interlocked functions
2023-04-19  9:14:52 18864 [Note] InnoDB: _mm_lfence() and _mm_sfence() are used for memory barrier
2023-04-19  9:14:52 18864 [Note] InnoDB: Compressed tables use zlib 1.2.11
2023-04-19  9:14:52 18864 [Note] InnoDB: Using generic crc32 instructions
2023-04-19  9:14:52 18864 [Note] InnoDB: Initializing buffer pool, size = 16.0M
2023-04-19  9:14:52 18864 [Note] InnoDB: Completed initialization of buffer pool
2023-04-19  9:14:52 18864 [Note] InnoDB: Highest supported file format is Barracuda.
2023-04-19  9:14:52 18864 [Note] InnoDB: The log sequence number 1835037 in ibdata file do not match the log sequence number 2459389 in the ib_logfiles!
2023-04-19  9:14:52 18864 [Note] InnoDB: Restoring possible half-written data pages from the doublewrite buffer...
2023-04-19  9:14:52 18864 [Note] InnoDB: 128 rollback segment(s) are active.
2023-04-19  9:14:52 18864 [Note] InnoDB: Waiting for purge to start
2023-04-19  9:14:52 18864 [Note] InnoDB:  Percona XtraDB (http://www.percona.com) 5.6.41-84.1 started; log sequence number 2459389
2023-04-19  9:14:52 19784 [Note] InnoDB: Dumping buffer pool(s) not yet started
2023-04-19  9:14:52 18864 [Note] Plugin 'FEEDBACK' is disabled.
2023-04-19  9:14:52 18864 [Note] Server socket created on IP: '::'.
2023-04-19  9:14:53 18864 [Note] c:\xampp\mysql\bin\mysqld.exe: ready for connections.
Version: '10.1.37-MariaDB'  socket: ''  port: 3306  mariadb.org binary distribution
2023-04-19 09:18:52 1b84 InnoDB: Warning: Using innodb_additional_mem_pool_size is DEPRECATED. This option may be removed in future releases, together with the option innodb_use_sys_malloc and with the InnoDB's internal memory allocator.
2023-04-19  9:18:52 7044 [Note] InnoDB: innodb_empty_free_list_algorithm has been changed to legacy because of small buffer pool size. In order to use backoff, increase buffer pool at least up to 20MB.

2023-04-19  9:18:52 7044 [Note] InnoDB: Using mutexes to ref count buffer pool pages
2023-04-19  9:18:52 7044 [Note] InnoDB: The InnoDB memory heap is disabled
2023-04-19  9:18:52 7044 [Note] InnoDB: Mutexes and rw_locks use Windows interlocked functions
2023-04-19  9:18:52 7044 [Note] InnoDB: _mm_lfence() and _mm_sfence() are used for memory barrier
2023-04-19  9:18:52 7044 [Note] InnoDB: Compressed tables use zlib 1.2.11
2023-04-19  9:18:52 7044 [Note] InnoDB: Using generic crc32 instructions
2023-04-19  9:18:52 7044 [Note] InnoDB: Initializing buffer pool, size = 16.0M
2023-04-19  9:18:52 7044 [Note] InnoDB: Completed initialization of buffer pool
2023-04-19  9:18:52 7044 [Note] InnoDB: Highest supported file format is Barracuda.
2023-04-19  9:18:52 7044 [Note] InnoDB: The log sequence number 1835037 in ibdata file do not match the log sequence number 2459601 in the ib_logfiles!
2023-04-19  9:18:53 7044 [Note] InnoDB: Restoring possible half-written data pages from the doublewrite buffer...
2023-04-19  9:18:53 7044 [Note] InnoDB: 128 rollback segment(s) are active.
2023-04-19  9:18:53 7044 [Note] InnoDB: Waiting for purge to start
2023-04-19  9:18:53 7044 [Note] InnoDB:  Percona XtraDB (http://www.percona.com) 5.6.41-84.1 started; log sequence number 2459601
2023-04-19  9:18:53 13568 [Note] InnoDB: Dumping buffer pool(s) not yet started
2023-04-19  9:18:53 7044 [Note] Plugin 'FEEDBACK' is disabled.
2023-04-19  9:18:53 7044 [Note] Server socket created on IP: '::'.
2023-04-19  9:18:53 7044 [Note] c:\xampp\mysql\bin\mysqld.exe: ready for connections.
Version: '10.1.37-MariaDB'  socket: ''  port: 3306  mariadb.org binary distribution
2023-04-19 09:31:55 2d8c InnoDB: Warning: Using innodb_additional_mem_pool_size is DEPRECATED. This option may be removed in future releases, together with the option innodb_use_sys_malloc and with the InnoDB's internal memory allocator.
2023-04-19  9:31:55 11660 [Note] InnoDB: innodb_empty_free_list_algorithm has been changed to legacy because of small buffer pool size. In order to use backoff, increase buffer pool at least up to 20MB.

2023-04-19  9:31:55 11660 [Note] InnoDB: Using mutexes to ref count buffer pool pages
2023-04-19  9:31:55 11660 [Note] InnoDB: The InnoDB memory heap is disabled
2023-04-19  9:31:55 11660 [Note] InnoDB: Mutexes and rw_locks use Windows interlocked functions
2023-04-19  9:31:55 11660 [Note] InnoDB: _mm_lfence() and _mm_sfence() are used for memory barrier
2023-04-19  9:31:55 11660 [Note] InnoDB: Compressed tables use zlib 1.2.11
2023-04-19  9:31:55 11660 [Note] InnoDB: Using generic crc32 instructions
2023-04-19  9:31:55 11660 [Note] InnoDB: Initializing buffer pool, size = 16.0M
2023-04-19  9:31:55 11660 [Note] InnoDB: Completed initialization of buffer pool
2023-04-19  9:31:55 11660 [Note] InnoDB: Highest supported file format is Barracuda.
2023-04-19  9:31:55 11660 [Note] InnoDB: The log sequence number 1835037 in ibdata file do not match the log sequence number 2459996 in the ib_logfiles!
2023-04-19  9:31:55 11660 [Note] InnoDB: Restoring possible half-written data pages from the doublewrite buffer...
2023-04-19  9:31:56 11660 [Note] InnoDB: 128 rollback segment(s) are active.
2023-04-19  9:31:56 11660 [Note] InnoDB: Waiting for purge to start
2023-04-19  9:31:56 11660 [Note] InnoDB:  Percona XtraDB (http://www.percona.com) 5.6.41-84.1 started; log sequence number 2459996
2023-04-19  9:31:56 11656 [Note] InnoDB: Dumping buffer pool(s) not yet started
2023-04-19  9:31:56 11660 [Note] Plugin 'FEEDBACK' is disabled.
2023-04-19  9:31:56 11660 [Note] Server socket created on IP: '::'.
2023-04-19  9:31:56 11660 [Note] c:\xampp\mysql\bin\mysqld.exe: ready for connections.
Version: '10.1.37-MariaDB'  socket: ''  port: 3306  mariadb.org binary distribution
2023-04-19 10:18:13 4564 InnoDB: Warning: Using innodb_additional_mem_pool_size is DEPRECATED. This option may be removed in future releases, together with the option innodb_use_sys_malloc and with the InnoDB's internal memory allocator.
2023-04-19 10:18:13 17764 [Note] InnoDB: innodb_empty_free_list_algorithm has been changed to legacy because of small buffer pool size. In order to use backoff, increase buffer pool at least up to 20MB.

2023-04-19 10:18:13 17764 [Note] InnoDB: Using mutexes to ref count buffer pool pages
2023-04-19 10:18:13 17764 [Note] InnoDB: The InnoDB memory heap is disabled
2023-04-19 10:18:13 17764 [Note] InnoDB: Mutexes and rw_locks use Windows interlocked functions
2023-04-19 10:18:13 17764 [Note] InnoDB: _mm_lfence() and _mm_sfence() are used for memory barrier
2023-04-19 10:18:13 17764 [Note] InnoDB: Compressed tables use zlib 1.2.11
2023-04-19 10:18:13 17764 [Note] InnoDB: Using generic crc32 instructions
2023-04-19 10:18:13 17764 [Note] InnoDB: Initializing buffer pool, size = 16.0M
2023-04-19 10:18:13 17764 [Note] InnoDB: Completed initialization of buffer pool
2023-04-19 10:18:13 17764 [Note] InnoDB: Highest supported file format is Barracuda.
2023-04-19 10:18:13 17764 [Note] InnoDB: The log sequence number 1835037 in ibdata file do not match the log sequence number 2462828 in the ib_logfiles!
2023-04-19 10:18:13 17764 [Note] InnoDB: Restoring possible half-written data pages from the doublewrite buffer...
2023-04-19 10:18:13 17764 [Note] InnoDB: 128 rollback segment(s) are active.
2023-04-19 10:18:13 17764 [Note] InnoDB: Waiting for purge to start
2023-04-19 10:18:14 17764 [Note] InnoDB:  Percona XtraDB (http://www.percona.com) 5.6.41-84.1 started; log sequence number 2462828
2023-04-19 10:18:14 12956 [Note] InnoDB: Dumping buffer pool(s) not yet started
2023-04-19 10:18:14 17764 [Note] Plugin 'FEEDBACK' is disabled.
2023-04-19 10:18:14 17764 [Note] Server socket created on IP: '::'.
2023-04-19 10:18:14 17764 [Note] c:\xampp\mysql\bin\mysqld.exe: ready for connections.
Version: '10.1.37-MariaDB'  socket: ''  port: 3306  mariadb.org binary distribution
2023-04-26 11:16:12 bfc InnoDB: Warning: Using innodb_additional_mem_pool_size is DEPRECATED. This option may be removed in future releases, together with the option innodb_use_sys_malloc and with the InnoDB's internal memory allocator.
2023-04-26 11:16:12 3068 [Note] InnoDB: innodb_empty_free_list_algorithm has been changed to legacy because of small buffer pool size. In order to use backoff, increase buffer pool at least up to 20MB.

2023-04-26 11:16:12 3068 [Note] InnoDB: Using mutexes to ref count buffer pool pages
2023-04-26 11:16:12 3068 [Note] InnoDB: The InnoDB memory heap is disabled
2023-04-26 11:16:12 3068 [Note] InnoDB: Mutexes and rw_locks use Windows interlocked functions
2023-04-26 11:16:12 3068 [Note] InnoDB: _mm_lfence() and _mm_sfence() are used for memory barrier
2023-04-26 11:16:12 3068 [Note] InnoDB: Compressed tables use zlib 1.2.11
2023-04-26 11:16:12 3068 [Note] InnoDB: Using generic crc32 instructions
2023-04-26 11:16:12 3068 [Note] InnoDB: Initializing buffer pool, size = 16.0M
2023-04-26 11:16:12 3068 [Note] InnoDB: Completed initialization of buffer pool
2023-04-26 11:16:12 3068 [Note] InnoDB: Highest supported file format is Barracuda.
2023-04-26 11:16:12 3068 [Note] InnoDB: The log sequence number 1835037 in ibdata file do not match the log sequence number 2462838 in the ib_logfiles!
2023-04-26 11:16:13 3068 [Note] InnoDB: Restoring possible half-written data pages from the doublewrite buffer...
2023-04-26 11:16:13 3068 [Note] InnoDB: 128 rollback segment(s) are active.
2023-04-26 11:16:13 3068 [Note] InnoDB: Waiting for purge to start
2023-04-26 11:16:13 3068 [Note] InnoDB:  Percona XtraDB (http://www.percona.com) 5.6.41-84.1 started; log sequence number 2462838
2023-04-26 11:16:13 19564 [Note] InnoDB: Dumping buffer pool(s) not yet started
2023-04-26 11:16:13 3068 [Note] Plugin 'FEEDBACK' is disabled.
2023-04-26 11:16:13 3068 [Note] Server socket created on IP: '::'.
2023-04-26 11:16:13 3068 [Note] c:\xampp\mysql\bin\mysqld.exe: ready for connections.
Version: '10.1.37-MariaDB'  socket: ''  port: 3306  mariadb.org binary distribution
2023-04-26 11:32:28 3ec8 InnoDB: Warning: Using innodb_additional_mem_pool_size is DEPRECATED. This option may be removed in future releases, together with the option innodb_use_sys_malloc and with the InnoDB's internal memory allocator.
2023-04-26 11:32:28 16072 [Note] InnoDB: innodb_empty_free_list_algorithm has been changed to legacy because of small buffer pool size. In order to use backoff, increase buffer pool at least up to 20MB.

2023-04-26 11:32:28 16072 [Note] InnoDB: Using mutexes to ref count buffer pool pages
2023-04-26 11:32:28 16072 [Note] InnoDB: The InnoDB memory heap is disabled
2023-04-26 11:32:28 16072 [Note] InnoDB: Mutexes and rw_locks use Windows interlocked functions
2023-04-26 11:32:28 16072 [Note] InnoDB: _mm_lfence() and _mm_sfence() are used for memory barrier
2023-04-26 11:32:28 16072 [Note] InnoDB: Compressed tables use zlib 1.2.11
2023-04-26 11:32:28 16072 [Note] InnoDB: Using generic crc32 instructions
2023-04-26 11:32:28 16072 [Note] InnoDB: Initializing buffer pool, size = 16.0M
2023-04-26 11:32:28 16072 [Note] InnoDB: Completed initialization of buffer pool
2023-04-26 11:32:28 16072 [Note] InnoDB: Highest supported file format is Barracuda.
2023-04-26 11:32:28 16072 [Note] InnoDB: The log sequence number 1835037 in ibdata file do not match the log sequence number 2462848 in the ib_logfiles!
2023-04-26 11:32:28 16072 [Note] InnoDB: Restoring possible half-written data pages from the doublewrite buffer...
2023-04-26 11:32:28 16072 [Note] InnoDB: 128 rollback segment(s) are active.
2023-04-26 11:32:28 16072 [Note] InnoDB: Waiting for purge to start
2023-04-26 11:32:28 16072 [Note] InnoDB:  Percona XtraDB (http://www.percona.com) 5.6.41-84.1 started; log sequence number 2462848
2023-04-26 11:32:28 13092 [Note] InnoDB: Dumping buffer pool(s) not yet started
2023-04-26 11:32:28 16072 [Note] Plugin 'FEEDBACK' is disabled.
2023-04-26 11:32:28 16072 [Note] Server socket created on IP: '::'.
2023-04-26 11:32:28 16072 [Note] c:\xampp\mysql\bin\mysqld.exe: ready for connections.
Version: '10.1.37-MariaDB'  socket: ''  port: 3306  mariadb.org binary distribution
2023-04-27 14:52:05 3fc4 InnoDB: Warning: Using innodb_additional_mem_pool_size is DEPRECATED. This option may be removed in future releases, together with the option innodb_use_sys_malloc and with the InnoDB's internal memory allocator.
2023-04-27 14:52:05 16324 [Note] InnoDB: innodb_empty_free_list_algorithm has been changed to legacy because of small buffer pool size. In order to use backoff, increase buffer pool at least up to 20MB.

2023-04-27 14:52:05 16324 [Note] InnoDB: Using mutexes to ref count buffer pool pages
2023-04-27 14:52:05 16324 [Note] InnoDB: The InnoDB memory heap is disabled
2023-04-27 14:52:05 16324 [Note] InnoDB: Mutexes and rw_locks use Windows interlocked functions
2023-04-27 14:52:05 16324 [Note] InnoDB: _mm_lfence() and _mm_sfence() are used for memory barrier
2023-04-27 14:52:05 16324 [Note] InnoDB: Compressed tables use zlib 1.2.11
2023-04-27 14:52:05 16324 [Note] InnoDB: Using generic crc32 instructions
2023-04-27 14:52:05 16324 [Note] InnoDB: Initializing buffer pool, size = 16.0M
2023-04-27 14:52:05 16324 [Note] InnoDB: Completed initialization of buffer pool
2023-04-27 14:52:05 16324 [Note] InnoDB: Highest supported file format is Barracuda.
2023-04-27 14:52:05 16324 [Note] InnoDB: The log sequence number 1835037 in ibdata file do not match the log sequence number 2465251 in the ib_logfiles!
2023-04-27 14:52:05 16324 [Note] InnoDB: Restoring possible half-written data pages from the doublewrite buffer...
2023-04-27 14:52:05 16324 [Note] InnoDB: 128 rollback segment(s) are active.
2023-04-27 14:52:05 16324 [Note] InnoDB: Waiting for purge to start
2023-04-27 14:52:05 16324 [Note] InnoDB:  Percona XtraDB (http://www.percona.com) 5.6.41-84.1 started; log sequence number 2465251
2023-04-27 14:52:05 15540 [Note] InnoDB: Dumping buffer pool(s) not yet started
2023-04-27 14:52:05 16324 [Note] Plugin 'FEEDBACK' is disabled.
2023-04-27 14:52:05 16324 [Note] Server socket created on IP: '::'.
2023-04-27 14:52:05 16324 [Note] c:\xampp\mysql\bin\mysqld.exe: ready for connections.
Version: '10.1.37-MariaDB'  socket: ''  port: 3306  mariadb.org binary distribution
2023-06-14 10:45:10 2fec InnoDB: Warning: Using innodb_additional_mem_pool_size is DEPRECATED. This option may be removed in future releases, together with the option innodb_use_sys_malloc and with the InnoDB's internal memory allocator.
2023-06-14 10:45:10 12268 [Note] InnoDB: innodb_empty_free_list_algorithm has been changed to legacy because of small buffer pool size. In order to use backoff, increase buffer pool at least up to 20MB.

2023-06-14 10:45:10 12268 [Note] InnoDB: Using mutexes to ref count buffer pool pages
2023-06-14 10:45:10 12268 [Note] InnoDB: The InnoDB memory heap is disabled
2023-06-14 10:45:10 12268 [Note] InnoDB: Mutexes and rw_locks use Windows interlocked functions
2023-06-14 10:45:10 12268 [Note] InnoDB: _mm_lfence() and _mm_sfence() are used for memory barrier
2023-06-14 10:45:10 12268 [Note] InnoDB: Compressed tables use zlib 1.2.11
2023-06-14 10:45:10 12268 [Note] InnoDB: Using generic crc32 instructions
2023-06-14 10:45:10 12268 [Note] InnoDB: Initializing buffer pool, size = 16.0M
2023-06-14 10:45:10 12268 [Note] InnoDB: Completed initialization of buffer pool
2023-06-14 10:45:10 12268 [Note] InnoDB: Highest supported file format is Barracuda.
2023-06-14 10:45:10 12268 [Note] InnoDB: The log sequence number 1835037 in ibdata file do not match the log sequence number 2465482 in the ib_logfiles!
2023-06-14 10:45:11 12268 [Note] InnoDB: Restoring possible half-written data pages from the doublewrite buffer...
2023-06-14 10:45:11 12268 [Note] InnoDB: 128 rollback segment(s) are active.
2023-06-14 10:45:11 12268 [Note] InnoDB: Waiting for purge to start
2023-06-14 10:45:11 12268 [Note] InnoDB:  Percona XtraDB (http://www.percona.com) 5.6.41-84.1 started; log sequence number 2465482
2023-06-14 10:45:11 19192 [Note] InnoDB: Dumping buffer pool(s) not yet started
2023-06-14 10:45:11 12268 [Note] Plugin 'FEEDBACK' is disabled.
2023-06-14 10:45:11 12268 [Note] Server socket created on IP: '::'.
2023-06-14 10:45:11 12268 [Note] c:\xampp\mysql\bin\mysqld.exe: ready for connections.
Version: '10.1.37-MariaDB'  socket: ''  port: 3306  mariadb.org binary distribution
2024-01-13 20:13:51 5738 InnoDB: Warning: Using innodb_additional_mem_pool_size is DEPRECATED. This option may be removed in future releases, together with the option innodb_use_sys_malloc and with the InnoDB's internal memory allocator.
2024-01-13 20:13:51 22328 [Note] InnoDB: innodb_empty_free_list_algorithm has been changed to legacy because of small buffer pool size. In order to use backoff, increase buffer pool at least up to 20MB.

2024-01-13 20:13:51 22328 [Note] InnoDB: Using mutexes to ref count buffer pool pages
2024-01-13 20:13:51 22328 [Note] InnoDB: The InnoDB memory heap is disabled
2024-01-13 20:13:51 22328 [Note] InnoDB: Mutexes and rw_locks use Windows interlocked functions
2024-01-13 20:13:51 22328 [Note] InnoDB: _mm_lfence() and _mm_sfence() are used for memory barrier
2024-01-13 20:13:51 22328 [Note] InnoDB: Compressed tables use zlib 1.2.11
2024-01-13 20:13:51 22328 [Note] InnoDB: Using generic crc32 instructions
2024-01-13 20:13:51 22328 [Note] InnoDB: Initializing buffer pool, size = 16.0M
2024-01-13 20:13:51 22328 [Note] InnoDB: Completed initialization of buffer pool
2024-01-13 20:13:51 22328 [Note] InnoDB: Highest supported file format is Barracuda.
2024-01-13 20:13:51 22328 [Note] InnoDB: The log sequence number 1835037 in ibdata file do not match the log sequence number 2465492 in the ib_logfiles!
2024-01-13 20:13:51 22328 [Note] InnoDB: Restoring possible half-written data pages from the doublewrite buffer...
2024-01-13 20:13:52 22328 [Note] InnoDB: 128 rollback segment(s) are active.
2024-01-13 20:13:52 22328 [Note] InnoDB: Waiting for purge to start
2024-01-13 20:13:52 22328 [Note] InnoDB:  Percona XtraDB (http://www.percona.com) 5.6.41-84.1 started; log sequence number 2465492
2024-01-13 20:13:52 18412 [Note] InnoDB: Dumping buffer pool(s) not yet started
2024-01-13 20:13:52 22328 [Note] Plugin 'FEEDBACK' is disabled.
2024-01-13 20:13:52 22328 [Note] Server socket created on IP: '::'.
2024-01-13 20:13:52 22328 [Note] mysql\bin\mysqld.exe: ready for connections.
Version: '10.1.37-MariaDB'  socket: ''  port: 3306  mariadb.org binary distribution
2024-02-27 12:32:26 1fe4 InnoDB: Warning: Using innodb_additional_mem_pool_size is DEPRECATED. This option may be removed in future releases, together with the option innodb_use_sys_malloc and with the InnoDB's internal memory allocator.
2024-02-27 12:32:26 8164 [Note] InnoDB: innodb_empty_free_list_algorithm has been changed to legacy because of small buffer pool size. In order to use backoff, increase buffer pool at least up to 20MB.

2024-02-27 12:32:26 8164 [Note] InnoDB: Using mutexes to ref count buffer pool pages
2024-02-27 12:32:26 8164 [Note] InnoDB: The InnoDB memory heap is disabled
2024-02-27 12:32:26 8164 [Note] InnoDB: Mutexes and rw_locks use Windows interlocked functions
2024-02-27 12:32:26 8164 [Note] InnoDB: _mm_lfence() and _mm_sfence() are used for memory barrier
2024-02-27 12:32:26 8164 [Note] InnoDB: Compressed tables use zlib 1.2.11
2024-02-27 12:32:26 8164 [Note] InnoDB: Using generic crc32 instructions
2024-02-27 12:32:26 8164 [Note] InnoDB: Initializing buffer pool, size = 16.0M
2024-02-27 12:32:26 8164 [Note] InnoDB: Completed initialization of buffer pool
2024-02-27 12:32:27 8164 [Note] InnoDB: Highest supported file format is Barracuda.
2024-02-27 12:32:27 8164 [Note] InnoDB: The log sequence number 1835037 in ibdata file do not match the log sequence number 2465502 in the ib_logfiles!
2024-02-27 12:32:27 8164 [Note] InnoDB: Restoring possible half-written data pages from the doublewrite buffer...
2024-02-27 12:32:27 8164 [Note] InnoDB: 128 rollback segment(s) are active.
2024-02-27 12:32:27 8164 [Note] InnoDB: Waiting for purge to start
2024-02-27 12:32:27 8164 [Note] InnoDB:  Percona XtraDB (http://www.percona.com) 5.6.41-84.1 started; log sequence number 2465502
2024-02-27 12:32:27 8400 [Note] InnoDB: Dumping buffer pool(s) not yet started
2024-02-27 12:32:27 8164 [Note] Plugin 'FEEDBACK' is disabled.
2024-02-27 12:32:27 8164 [Note] Server socket created on IP: '::'.
2024-02-27 12:32:27 8164 [Note] c:\xampp\mysql\bin\mysqld.exe: ready for connections.
Version: '10.1.37-MariaDB'  socket: ''  port: 3306  mariadb.org binary distribution
2024-02-27 12:36:09 4690 InnoDB: Warning: Using innodb_additional_mem_pool_size is DEPRECATED. This option may be removed in future releases, together with the option innodb_use_sys_malloc and with the InnoDB's internal memory allocator.
2024-02-27 12:36:09 18064 [Note] InnoDB: innodb_empty_free_list_algorithm has been changed to legacy because of small buffer pool size. In order to use backoff, increase buffer pool at least up to 20MB.

2024-02-27 12:36:09 18064 [Note] InnoDB: Using mutexes to ref count buffer pool pages
2024-02-27 12:36:09 18064 [Note] InnoDB: The InnoDB memory heap is disabled
2024-02-27 12:36:09 18064 [Note] InnoDB: Mutexes and rw_locks use Windows interlocked functions
2024-02-27 12:36:09 18064 [Note] InnoDB: _mm_lfence() and _mm_sfence() are used for memory barrier
2024-02-27 12:36:09 18064 [Note] InnoDB: Compressed tables use zlib 1.2.11
2024-02-27 12:36:09 18064 [Note] InnoDB: Using generic crc32 instructions
2024-02-27 12:36:09 18064 [Note] InnoDB: Initializing buffer pool, size = 16.0M
2024-02-27 12:36:09 18064 [Note] InnoDB: Completed initialization of buffer pool
2024-02-27 12:36:10 18064 [Note] InnoDB: Highest supported file format is Barracuda.
2024-02-27 12:36:10 18064 [Note] InnoDB: The log sequence number 1835037 in ibdata file do not match the log sequence number 2465512 in the ib_logfiles!
2024-02-27 12:36:10 18064 [Note] InnoDB: Restoring possible half-written data pages from the doublewrite buffer...
2024-02-27 12:36:10 18064 [Note] InnoDB: 128 rollback segment(s) are active.
2024-02-27 12:36:10 18064 [Note] InnoDB: Waiting for purge to start
2024-02-27 12:36:10 18064 [Note] InnoDB:  Percona XtraDB (http://www.percona.com) 5.6.41-84.1 started; log sequence number 2465512
2024-02-27 12:36:10 10472 [Note] InnoDB: Dumping buffer pool(s) not yet started
2024-02-27 12:36:10 18064 [Note] Plugin 'FEEDBACK' is disabled.
2024-02-27 12:36:10 18064 [Note] Server socket created on IP: '::'.
2024-02-27 12:36:10 18064 [Note] c:\xampp\mysql\bin\mysqld.exe: ready for connections.
Version: '10.1.37-MariaDB'  socket: ''  port: 3306  mariadb.org binary distribution
2024-02-27 12:42:30 3380 InnoDB: Warning: Using innodb_additional_mem_pool_size is DEPRECATED. This option may be removed in future releases, together with the option innodb_use_sys_malloc and with the InnoDB's internal memory allocator.
2024-02-27 12:42:30 13184 [Note] InnoDB: innodb_empty_free_list_algorithm has been changed to legacy because of small buffer pool size. In order to use backoff, increase buffer pool at least up to 20MB.

2024-02-27 12:42:30 13184 [Note] InnoDB: Using mutexes to ref count buffer pool pages
2024-02-27 12:42:30 13184 [Note] InnoDB: The InnoDB memory heap is disabled
2024-02-27 12:42:30 13184 [Note] InnoDB: Mutexes and rw_locks use Windows interlocked functions
2024-02-27 12:42:30 13184 [Note] InnoDB: _mm_lfence() and _mm_sfence() are used for memory barrier
2024-02-27 12:42:30 13184 [Note] InnoDB: Compressed tables use zlib 1.2.11
2024-02-27 12:42:30 13184 [Note] InnoDB: Using generic crc32 instructions
2024-02-27 12:42:30 13184 [Note] InnoDB: Initializing buffer pool, size = 16.0M
2024-02-27 12:42:30 13184 [Note] InnoDB: Completed initialization of buffer pool
2024-02-27 12:42:30 13184 [Note] InnoDB: Highest supported file format is Barracuda.
2024-02-27 12:42:30 13184 [Note] InnoDB: The log sequence number 1835037 in ibdata file do not match the log sequence number 2465522 in the ib_logfiles!
2024-02-27 12:42:30 13184 [Note] InnoDB: Restoring possible half-written data pages from the doublewrite buffer...
2024-02-27 12:42:31 13184 [Note] InnoDB: 128 rollback segment(s) are active.
2024-02-27 12:42:31 13184 [Note] InnoDB: Waiting for purge to start
2024-02-27 12:42:31 13184 [Note] InnoDB:  Percona XtraDB (http://www.percona.com) 5.6.41-84.1 started; log sequence number 2465522
2024-02-27 12:42:31 21408 [Note] InnoDB: Dumping buffer pool(s) not yet started
2024-02-27 12:42:31 13184 [Note] Plugin 'FEEDBACK' is disabled.
2024-02-27 12:42:31 13184 [Note] Server socket created on IP: '::'.
2024-02-27 12:42:31 13184 [Note] c:\xampp\mysql\bin\mysqld.exe: ready for connections.
Version: '10.1.37-MariaDB'  socket: ''  port: 3306  mariadb.org binary distribution
2024-02-27 12:43:15 5458 InnoDB: Warning: Using innodb_additional_mem_pool_size is DEPRECATED. This option may be removed in future releases, together with the option innodb_use_sys_malloc and with the InnoDB's internal memory allocator.
2024-02-27 12:43:15 21592 [Note] InnoDB: innodb_empty_free_list_algorithm has been changed to legacy because of small buffer pool size. In order to use backoff, increase buffer pool at least up to 20MB.

2024-02-27 12:43:15 21592 [Note] InnoDB: Using mutexes to ref count buffer pool pages
2024-02-27 12:43:15 21592 [Note] InnoDB: The InnoDB memory heap is disabled
2024-02-27 12:43:15 21592 [Note] InnoDB: Mutexes and rw_locks use Windows interlocked functions
2024-02-27 12:43:15 21592 [Note] InnoDB: _mm_lfence() and _mm_sfence() are used for memory barrier
2024-02-27 12:43:15 21592 [Note] InnoDB: Compressed tables use zlib 1.2.11
2024-02-27 12:43:15 21592 [Note] InnoDB: Using generic crc32 instructions
2024-02-27 12:43:15 21592 [Note] InnoDB: Initializing buffer pool, size = 16.0M
2024-02-27 12:43:15 21592 [Note] InnoDB: Completed initialization of buffer pool
2024-02-27 12:43:15 21592 [ERROR] InnoDB: C:\xampp\mysql\data\ibdata1 can't be opened in read-write mode
2024-02-27 12:43:15 21592 [ERROR] InnoDB: The system tablespace must be writable!
2024-02-27 12:43:15 21592 [ERROR] Plugin 'InnoDB' init function returned error.
2024-02-27 12:43:15 21592 [ERROR] Plugin 'InnoDB' registration as a STORAGE ENGINE failed.
2024-02-27 12:43:15 21592 [Note] Plugin 'FEEDBACK' is disabled.
2024-02-27 12:43:15 21592 [ERROR] Unknown/unsupported storage engine: InnoDB
2024-02-27 12:43:15 21592 [ERROR] Aborting

2024-02-27 12:50:35 5904 InnoDB: Warning: Using innodb_additional_mem_pool_size is DEPRECATED. This option may be removed in future releases, together with the option innodb_use_sys_malloc and with the InnoDB's internal memory allocator.
2024-02-27 12:50:35 22788 [Note] InnoDB: innodb_empty_free_list_algorithm has been changed to legacy because of small buffer pool size. In order to use backoff, increase buffer pool at least up to 20MB.

2024-02-27 12:50:35 22788 [Note] InnoDB: Using mutexes to ref count buffer pool pages
2024-02-27 12:50:35 22788 [Note] InnoDB: The InnoDB memory heap is disabled
2024-02-27 12:50:35 22788 [Note] InnoDB: Mutexes and rw_locks use Windows interlocked functions
2024-02-27 12:50:35 22788 [Note] InnoDB: _mm_lfence() and _mm_sfence() are used for memory barrier
2024-02-27 12:50:35 22788 [Note] InnoDB: Compressed tables use zlib 1.2.11
2024-02-27 12:50:35 22788 [Note] InnoDB: Using generic crc32 instructions
2024-02-27 12:50:35 22788 [Note] InnoDB: Initializing buffer pool, size = 16.0M
2024-02-27 12:50:35 22788 [Note] InnoDB: Completed initialization of buffer pool
2024-02-27 12:50:35 22788 [Note] InnoDB: Highest supported file format is Barracuda.
2024-02-27 12:50:35 22788 [Note] InnoDB: The log sequence number 1835037 in ibdata file do not match the log sequence number 2465532 in the ib_logfiles!
2024-02-27 12:50:35 22788 [Note] InnoDB: Restoring possible half-written data pages from the doublewrite buffer...
2024-02-27 12:50:35 22788 [Note] InnoDB: 128 rollback segment(s) are active.
2024-02-27 12:50:35 22788 [Note] InnoDB: Waiting for purge to start
2024-02-27 12:50:35 22788 [Note] InnoDB:  Percona XtraDB (http://www.percona.com) 5.6.41-84.1 started; log sequence number 2465532
2024-02-27 12:50:35 8216 [Note] InnoDB: Dumping buffer pool(s) not yet started
2024-02-27 12:50:35 22788 [Note] Plugin 'FEEDBACK' is disabled.
2024-02-27 12:50:35 22788 [Note] Server socket created on IP: '::'.
2024-02-27 12:50:35 22788 [Note] c:\xampp\mysql\bin\mysqld.exe: ready for connections.
Version: '10.1.37-MariaDB'  socket: ''  port: 3306  mariadb.org binary distribution
